<?xml version="1.0" encoding="UTF-8"?>
<testng-results ignored="0" total="1" passed="1" failed="0" skipped="0">
  <reporter-output>
  </reporter-output>
  <suite started-at="2025-05-16T10:22:26 IST" name="Surefire suite" finished-at="2025-05-16T10:22:31 IST" duration-ms="5117">
    <groups>
    </groups>
    <test started-at="2025-05-16T10:22:26 IST" name="Surefire test" finished-at="2025-05-16T10:22:31 IST" duration-ms="5117">
      <class name="com.example.MiniTest">
        <test-method signature="simpleTest()[pri:0, instance:com.example.MiniTest@709ba3fb]" started-at="2025-05-16T10:22:26 IST" name="simpleTest" finished-at="2025-05-16T10:22:31 IST" duration-ms="5062" status="PASS">
          <reporter-output>
          </reporter-output>
        </test-method> <!-- simpleTest -->
      </class> <!-- com.example.MiniTest -->
    </test> <!-- Surefire test -->
  </suite> <!-- Surefire suite -->
</testng-results>
